<?xml version="1.0" encoding="UTF-8"?>
<!-- Generated by org.testng.reporters.JUnitReportReporter -->
<testsuite skipped="0" hostname="DESKTOP-FFT2GIB" name="com.maven.homeMavenPractice.AmazonLandingPage" tests="1" failures="0" timestamp="24 Sep 2020 03:47:21 GMT" time="1.814" errors="0">
  <testcase name="verifyLink" time="1.814" classname="com.maven.homeMavenPractice.AmazonLandingPage"/>
</testsuite> <!-- com.maven.homeMavenPractice.AmazonLandingPage -->
