<?xml version="1.0" encoding="UTF-8"?>
<!-- Generated by org.testng.reporters.JUnitReportReporter -->
<testsuite skipped="0" hostname="DESKTOP-FFT2GIB" name="com.maven.homeMavenPractice.AmazonLandingPage" tests="1" failures="0" timestamp="25 Sep 2020 15:09:12 GMT" time="0.860" errors="0">
  <testcase name="verifyLink" time="0.860" classname="com.maven.homeMavenPractice.AmazonLandingPage"/>
</testsuite> <!-- com.maven.homeMavenPractice.AmazonLandingPage -->
