<?xml version="1.0" encoding="UTF-8"?>
<!-- Generated by org.testng.reporters.JUnitReportReporter -->
<testsuite skipped="0" hostname="DESKTOP-27L8JE7" name="com.selenium.MavenProject_August9_30AMBatch.LinksTesting1" tests="1" failures="0" timestamp="12 Aug 2020 04:49:41 GMT" time="11.662" errors="0">
  <testcase name="linktesting1" time="11.662" classname="com.selenium.MavenProject_August9_30AMBatch.LinksTesting1"/>
</testsuite> <!-- com.selenium.MavenProject_August9_30AMBatch.LinksTesting1 -->
