<?xml version="1.0" encoding="UTF-8"?>
<!-- Generated by org.testng.reporters.JUnitReportReporter -->
<testsuite skipped="0" hostname="DESKTOP-27L8JE7" name="com.selenium.MavenProject_August9_30AMBatch.CheckBox1" tests="1" failures="0" timestamp="14 Aug 2020 04:20:29 GMT" time="13.365" errors="0">
  <testcase name="checkboxTest" time="13.365" classname="com.selenium.MavenProject_August9_30AMBatch.CheckBox1"/>
</testsuite> <!-- com.selenium.MavenProject_August9_30AMBatch.CheckBox1 -->
