<?xml version="1.0" encoding="UTF-8"?>
<!-- Generated by org.testng.reporters.JUnitReportReporter -->
<testsuite skipped="0" hostname="DESKTOP-27L8JE7" name="com.selenium.MavenProject_August9_30AMBatch.LinksTesting1" tests="1" failures="0" timestamp="14 Aug 2020 04:20:29 GMT" time="12.430" errors="0">
  <testcase name="linktesting1" time="12.430" classname="com.selenium.MavenProject_August9_30AMBatch.LinksTesting1"/>
</testsuite> <!-- com.selenium.MavenProject_August9_30AMBatch.LinksTesting1 -->
