<?xml version="1.0" encoding="UTF-8"?>
<!-- Generated by org.testng.reporters.JUnitReportReporter -->
<testsuite skipped="0" hostname="DESKTOP-27L8JE7" name="com.selenium.MavenProject_August9_30AMBatch.TestNG002" tests="1" failures="0" timestamp="12 Aug 2020 04:49:41 GMT" time="23.038" errors="0">
  <testcase name="amazon" time="23.038" classname="com.selenium.MavenProject_August9_30AMBatch.TestNG002"/>
</testsuite> <!-- com.selenium.MavenProject_August9_30AMBatch.TestNG002 -->
